<?xml version="1.0" encoding="UTF-8"?>
<!-- Generated by org.testng.reporters.JUnitXMLReporter -->
<testsuite hostname="Aswaniz" ignored="1" name="Default test" tests="1" failures="0" timestamp="2023-01-24T19:51:38 IST" time="17.039" errors="0">
  <testcase name="selectADate" time="7.927" classname="executetests.DatePickersTest"/>
  <testcase name="clickDate" time="0.0" classname="executetests.DatePickersTest">
    <ignored/>
  </testcase> <!-- clickDate -->
</testsuite> <!-- Default test -->
